#Build: Fabric Compiler 2022.2-SP6.4, Build 146967, Jan 31 01:39 2024
#Install: D:\pango\PDS_2022.2-SP6.4\bin
#Application name: pds.exe
#OS: Windows 10 10.0.26120
#Hostname: DrSkyFire
Generated by Fabric Compiler (version 2022.2-SP6.4 build 146967) at Tue Oct 21 19:59:17 2025
Parse module hierarchy of project 'E:/Odyssey_proj/temp_projects/Main_Flow/Main_Flow.pds' (ADS Parser)
Regenerate IP 'E:/Odyssey_proj/source/pll_sys/pll_sys.idf' ...
IP Generator (Version 2022.2-SP6.4 build 146967)
Check out license ...
License checkout: fabric_ipc from D:\pango\license\new_pds_F4A80DA47D72.lic
Compiling architecture definition.
Compiling verification operator library.
Start generating at 2025-10-21 19:59
Instance: pll_sys (E:\Odyssey_proj\source\pll_sys\pll_sys.idf)
IP: Pango PLL (1.7)
Part: Logos-PGL50H-FBG484--6
Create directory 'rtl' ...
Copy 'ipml_pll_wrapper_v1_4.v.xml' ...
Compile file 'ipml_pll_wrapper_v1_4.v.xml' to 'pll_sys.v' ...
Found top module 'pll_sys' in file 'pll_sys.v'.
Copy 'ipml_pll_wrapper_v1_4_tb.v.xml' ...
Compile file 'ipml_pll_wrapper_v1_4_tb.v.xml' to 'pll_sys_tb.v' ...
Create template file 'pll_sys_tmpl.v' ...
Create template file 'pll_sys_tmpl.vhdl' ...
There is 1 source file to synthesize.
Synthesis is disabled.
Done: 0 error(s), 0 warning(s)
I: Flow-6003: IP "pll_sys.idf" regenerate successfully. 
C: Flow-2008: IP file modified: "E:/Odyssey_proj/source/pll_sys/pll_sys.idf". 
Parse module hierarchy of project 'E:/Odyssey_proj/temp_projects/Main_Flow/Main_Flow.pds' (ADS Parser)
