IP Generator (Version 2022.2-SP6.4 build 146967)
Check out license ...
Start generating at 2025-10-19 23:25
Instance: dpram (E:\Odyssey-remake\remake\ipcore\dpram\dpram.idf)
IP: Pango DRM Based Dual Port RAM (1.8)
Part: Logos-PGL50H-FBG484--6
Create directory 'rtl' ...
Copy 'rtl\ipml_dpram_v1_8.v.xml' to 'rtl' ...
Compile file 'rtl\ipml_dpram_v1_8.v.xml' to 'rtl\ipml_dpram_v1_8_dpram.v' ...
Copy 'ipml_dpram_wrapper_v1_8.v.xml' ...
Compile file 'ipml_dpram_wrapper_v1_8.v.xml' to 'dpram.v' ...
Found top module 'dpram' in file 'dpram.v'.
Copy 'ipml_dpram_wrapper_v1_3_tb.v.xml' ...
Compile file 'ipml_dpram_wrapper_v1_3_tb.v.xml' to 'dpram_tb.v' ...
Copy 'init_param_bin_exmp.dat' ...
Copy 'init_param_hex_exmp.dat' ...
Run file 'createParam.tcl' ...
Create template file 'dpram_tmpl.v' ...
Create template file 'dpram_tmpl.vhdl' ...
There are 2 source files to synthesize.
Synthesis is disabled.
Done: 0 error(s), 0 warning(s)
