IP Generator (Version 2022.2-SP6.4 build 146967)
Check out license ...
Start generating at 2025-10-20 13:52
Instance: fft_1024 (E:\Odyssey-remake\remake\ipcore\fft_1024\fft_1024.idf)
IP: Pango FFT (1.0)
Part: Logos-PGL50H-FBG484--6
Copy 'example_design' ...
Copy 'pnr' ...
Copy 'rtl' ...
Copy 'sim' ...
Copy 'sim_lib' ...
Copy 'ipsxb_fft_wrapper_v1_0.v.xml' ...
Copy 'readme.txt' ...
Compile file 'ipsxb_fft_wrapper_v1_0.v.xml' to 'fft_1024.v' ...
Found top module 'fft_1024' in file 'fft_1024.v'.
Compile file 'pnr\core_only\ipsxb_fft_core_only.v.xml' to 'pnr\core_only\ipsxb_fft_core_only.v' ...
Compile file 'example_design\rtl\ipsxb_fft_onboard_top.v.xml' to 'example_design\rtl\ipsxb_fft_onboard_top.v' ...
Compile file 'sim\modelsim\ipsxb_fft_onboard_top_filelist.f.xml' to 'sim\modelsim\ipsxb_fft_onboard_top_filelist.f' ...
Compile file 'sim\modelsim\ipsxb_fft_onboard_top_wave.do.xml' to 'sim\modelsim\ipsxb_fft_onboard_top_wave.do' ...
Run file 'createFiles.tcl' ...
Create template file 'fft_1024_tmpl.v' ...
Create template file 'fft_1024_tmpl.vhdl' ...
There are 6 source files to synthesize.
Synthesis is disabled.
Done: 0 error(s), 0 warning(s)
