IP Generator (Version 2022.2-SP6.4 build 146967)
Check out license ...
Start generating at 2025-10-17 02:34
Instance: fifo_async_ip (E:\FPGA_newt\remake\ipcore\fifo_async_ip\fifo_async_ip.idf)
IP: Pango DRM Based FIFO (1.9)
Part: Logos-PGL50H-FBG484--6
Create directory 'rtl' ...
Copy 'rtl\ipml_fifo_ctrl_v1_4.v.xml' to 'rtl' ...
Copy 'rtl\ipml_fifo_v1_9.v.xml' to 'rtl' ...
Copy 'rtl\ipml_prefetch_fifo_v1_9.v.xml' to 'rtl' ...
Copy 'rtl\ipml_reg_fifo_v1_1.v.xml' to 'rtl' ...
Copy 'rtl\ipml_sdpram_v1_9.v.xml' to 'rtl' ...
Compile file 'rtl\ipml_sdpram_v1_9.v.xml' to 'rtl\ipml_sdpram_v1_9_fifo_async_ip.v' ...
Compile file 'rtl\ipml_fifo_v1_9.v.xml' to 'rtl\ipml_fifo_v1_9_fifo_async_ip.v' ...
Compile file 'rtl\ipml_fifo_ctrl_v1_4.v.xml' to 'rtl\ipml_fifo_ctrl_v1_4_fifo_async_ip.v' ...
Compile file 'rtl\ipml_prefetch_fifo_v1_9.v.xml' to 'rtl\ipml_prefetch_fifo_v1_9_fifo_async_ip.v' ...
Compile file 'rtl\ipml_reg_fifo_v1_1.v.xml' to 'rtl\ipml_reg_fifo_v1_1_fifo_async_ip.v' ...
Copy 'ipml_fifo_wrapper_v1_9.v.xml' ...
Compile file 'ipml_fifo_wrapper_v1_9.v.xml' to 'fifo_async_ip.v' ...
Found top module 'fifo_async_ip' in file 'fifo_async_ip.v'.
Copy 'ipml_prefetch_fifo_wrapper_v1_9.v.xml' ...
Compile file 'ipml_prefetch_fifo_wrapper_v1_9.v.xml' to 'fifo_async_ip_prefetch.v' ...
Copy 'ipml_fifo_wrapper_v1_3_tb.v.xml' ...
Compile file 'ipml_fifo_wrapper_v1_3_tb.v.xml' to 'fifo_async_ip_tb.v' ...
Create template file 'fifo_async_ip_tmpl.v' ...
Create template file 'fifo_async_ip_tmpl.vhdl' ...
There are 4 source files to synthesize.
Synthesis is disabled.
Done: 0 error(s), 0 warning(s)
